#
# A fatal error has been detected by the Java Runtime Environment:
#
#  EXCEPTION_ACCESS_VIOLATION (0xc0000005) at pc=0x000000006568b610, pid=5196, tid=7860
#
# JRE version: Java(TM) SE Runtime Environment (8.0_60-b27) (build 1.8.0_60-b27)
# Java VM: Java HotSpot(TM) 64-Bit Server VM (25.60-b23 mixed mode windows-amd64 compressed oops)
# Problematic frame:
# V  [jvm.dll+0xeb610]
#
# Failed to write core dump. Minidumps are not enabled by default on client versions of Windows
#
# If you would like to submit a bug report, please visit:
#   http://bugreport.java.com/bugreport/crash.jsp
#

---------------  T H R E A D  ---------------

Current thread (0x0000000018642000):  JavaThread "Daemon worker Thread 12" [_thread_in_vm, id=7860, stack(0x0000000019370000,0x0000000019470000)]

siginfo: ExceptionCode=0xc0000005, reading address 0xffffffffffffffff

Registers:
RAX=0x0000000000000014, RBX=0x0000000000000000, RCX=0x0000000000000014, RDX=0x0000000000000000
RSP=0x000000001946bc18, RBP=0x00000000000007ff, RSI=0x00000000ebca0ed8, RDI=0x0000000000000013
R8 =0x0000000000000013, R9 =0x0000000000000013, R10=0x00000000ebca0eb0, R11=0x0000000000000000
R12=0x0000000000000000, R13=0x000000001d4efcd0, R14=0x000000001d4efce0, R15=0x000000001d4f00b8
RIP=0x000000006568b610, EFLAGS=0x0000000000010246

Top of Stack: (sp=0x000000001946bc18)
0x000000001946bc18:   0000000065819d38 00000000175af308
0x000000001946bc28:   000000006561b9ba 000000001697e310
0x000000001946bc38:   00000000657daef9 00000000ebca0eb0
0x000000001946bc48:   00000000656e42c0 0000000000000013
0x000000001946bc58:   00000000181128e0 0000000018642000
0x000000001946bc68:   00000000656d8eab 0000000000000000
0x000000001946bc78:   00000000656e350e 0000000018642000
0x000000001946bc88:   0000000000000000 0000000018642000
0x000000001946bc98:   00000000656e335c 0000000000000013
0x000000001946bca8:   00000000186421f8 0000000000000000
0x000000001946bcb8:   000000001946be00 000000001946bd00
0x000000001946bcc8:   0000000065561aee 00000000000003d8
0x000000001946bcd8:   00000000ebca0e00 000000001946be10
0x000000001946bce8:   0000000000000000 000000001946bd00
0x000000001946bcf8:   0000000018642000 0000000000000000
0x000000001946bd08:   000000001697e310 0000000000000015 

Instructions: (pc=0x000000006568b610)
0x000000006568b5f0:   ff ff ff cc cc cc cc cc cc cc cc cc cc cc cc cc
0x000000006568b600:   48 8b 89 30 01 00 00 e9 54 a3 f3 ff cc cc cc cc
0x000000006568b610:   48 89 5c 24 08 57 48 83 ec 20 48 8b f9 8b 0d 75
0x000000006568b620:   c0 6b 00 8b da ff 15 c5 7d 4e 00 44 8b c3 48 8b 


Register to memory mapping:

RAX=0x0000000000000014 is an unknown value
RBX=0x0000000000000000 is an unknown value
RCX=0x0000000000000014 is an unknown value
RDX=0x0000000000000000 is an unknown value
RSP=0x000000001946bc18 is pointing into the stack for thread: 0x0000000018642000
RBP=0x00000000000007ff is an unknown value
RSI=0x00000000ebca0ed8 is an oop

[error occurred during error reporting (printing register info), id 0xc0000005]

Stack: [0x0000000019370000,0x0000000019470000],  sp=0x000000001946bc18,  free space=1007k
Native frames: (J=compiled Java code, j=interpreted, Vv=VM code, C=native code)
V  [jvm.dll+0xeb610]
V  [jvm.dll+0x279d38]
V  [jvm.dll+0x1442c0]
C  [java.dll+0x1aee]
C  0x0000000002c8e6c5

Java frames: (J=compiled Java code, j=interpreted, Vv=VM code)
J 1360  java.lang.Class.forName0(Ljava/lang/String;ZLjava/lang/ClassLoader;Ljava/lang/Class;)Ljava/lang/Class; (0 bytes) @ 0x0000000002c8e647 [0x0000000002c8e5c0+0x87]
J 6331 C2 sun.reflect.generics.visitor.Reifier.visitClassTypeSignature(Lsun/reflect/generics/tree/ClassTypeSignature;)V (381 bytes) @ 0x00000000033db084 [0x00000000033dace0+0x3a4]
J 16016 C2 sun.reflect.generics.reflectiveObjects.WildcardTypeImpl.toString()Ljava/lang/String; (155 bytes) @ 0x00000000050af224 [0x00000000050af080+0x1a4]
J 4443 C2 java.lang.reflect.Type.getTypeName()Ljava/lang/String; (5 bytes) @ 0x00000000036a28bc [0x00000000036a2880+0x3c]
J 6911 C2 sun.reflect.generics.reflectiveObjects.ParameterizedTypeImpl.toString()Ljava/lang/String; (242 bytes) @ 0x0000000002d0f724 [0x0000000002d0f480+0x2a4]
J 4443 C2 java.lang.reflect.Type.getTypeName()Ljava/lang/String; (5 bytes) @ 0x00000000036a28bc [0x00000000036a2880+0x3c]
J 6911 C2 sun.reflect.generics.reflectiveObjects.ParameterizedTypeImpl.toString()Ljava/lang/String; (242 bytes) @ 0x0000000002d0f724 [0x0000000002d0f480+0x2a4]
J 4443 C2 java.lang.reflect.Type.getTypeName()Ljava/lang/String; (5 bytes) @ 0x00000000036a28bc [0x00000000036a2880+0x3c]
J 4219 C2 java.lang.reflect.Method.specificToGenericStringHeader(Ljava/lang/StringBuilder;)V (48 bytes) @ 0x00000000037fd5e0 [0x00000000037fd560+0x80]
J 6858 C2 java.lang.reflect.Executable.sharedToGenericString(IZ)Ljava/lang/String; (329 bytes) @ 0x0000000003306368 [0x0000000003306100+0x268]
J 14477 C2 java.lang.reflect.Method.toGenericString()Ljava/lang/String; (12 bytes) @ 0x00000000053afb50 [0x00000000053afae0+0x70]
J 15942 C2 java.beans.MethodRef.find(Ljava/lang/Class;Ljava/lang/String;)Ljava/lang/reflect/Method; (62 bytes) @ 0x000000000583d08c [0x000000000583c720+0x96c]
J 14478 C2 java.beans.MethodRef.get()Ljava/lang/reflect/Method; (92 bytes) @ 0x00000000053b5570 [0x00000000053b5020+0x550]
J 14482 C2 java.beans.PropertyDescriptor.getReadMethod()Ljava/lang/reflect/Method; (175 bytes) @ 0x00000000053aea98 [0x00000000053aea00+0x98]
J 4194 C1 groovy.lang.MetaClassImpl.applyPropertyDescriptors([Ljava/beans/PropertyDescriptor;)V (151 bytes) @ 0x0000000003753e04 [0x0000000003753aa0+0x364]
J 4514 C1 groovy.lang.MetaClassImpl.setupProperties([Ljava/beans/PropertyDescriptor;)V (300 bytes) @ 0x00000000038e6b2c [0x00000000038e3f00+0x2c2c]
J 13512 C1 groovy.lang.MetaClassImpl.addProperties()V (230 bytes) @ 0x0000000004441e9c [0x0000000004441960+0x53c]
J 4509 C1 groovy.lang.MetaClassImpl.initialize()V (21 bytes) @ 0x00000000038b7c7c [0x00000000038b7a20+0x25c]
J 14485 C2 org.codehaus.groovy.runtime.metaclass.MetaClassRegistryImpl.getMetaClass(Ljava/lang/Class;)Lgroovy/lang/MetaClass; (8 bytes) @ 0x0000000002a99e98 [0x0000000002a99a40+0x458]
j  org.gradle.configuration.Help_Decorated.getMetaClass()Lgroovy/lang/MetaClass;+17
J 10465 C2 org.gradle.api.internal.CompositeDynamicObject.getProperty(Ljava/lang/String;)Ljava/lang/Object; (128 bytes) @ 0x0000000004949094 [0x0000000004948ee0+0x1b4]
j  org.gradle.configuration.Help_Decorated.getProperty(Ljava/lang/String;)Ljava/lang/Object;+5
J 7341 C2 org.codehaus.groovy.runtime.callsite.PogoGetPropertySite.getProperty(Ljava/lang/Object;)Ljava/lang/Object; (20 bytes) @ 0x0000000003f7f6d0 [0x0000000003f7f660+0x70]
J 6335 C2 org.codehaus.groovy.runtime.callsite.AbstractCallSite.callGetProperty(Ljava/lang/Object;)Ljava/lang/Object; (12 bytes) @ 0x0000000002e10e78 [0x0000000002e10e20+0x58]
j  org.jetbrains.plugins.gradle.tooling.builder.ExternalProjectBuilderImpl$_getTasks_closure2.doCall(Lorg/gradle/api/Task;)Ljava/lang/Object;+20
v  ~StubRoutines::call_stub
J 2228  sun.reflect.NativeMethodAccessorImpl.invoke0(Ljava/lang/reflect/Method;Ljava/lang/Object;[Ljava/lang/Object;)Ljava/lang/Object; (0 bytes) @ 0x00000000030dc2ff [0x00000000030dc280+0x7f]
J 7250 C2 sun.reflect.NativeMethodAccessorImpl.invoke(Ljava/lang/Object;[Ljava/lang/Object;)Ljava/lang/Object; (104 bytes) @ 0x0000000003f30150 [0x0000000003f300e0+0x70]
J 7252 C2 groovy.lang.MetaMethod.doMethodInvoke(Ljava/lang/Object;[Ljava/lang/Object;)Ljava/lang/Object; (22 bytes) @ 0x0000000003f409ec [0x0000000003f40820+0x1cc]
J 16352 C2 org.codehaus.groovy.runtime.metaclass.ClosureMetaClass.invokeMethod(Ljava/lang/Class;Ljava/lang/Object;Ljava/lang/String;[Ljava/lang/Object;ZZ)Ljava/lang/Object; (894 bytes) @ 0x0000000005920260 [0x000000000591fe60+0x400]
J 16633 C2 groovy.lang.Closure.call([Ljava/lang/Object;)Ljava/lang/Object; (30 bytes) @ 0x0000000004cbd928 [0x0000000004cbd8c0+0x68]
J 6905 C1 groovy.lang.Closure.call(Ljava/lang/Object;)Ljava/lang/Object; (13 bytes) @ 0x0000000003293aec [0x0000000003293840+0x2ac]
j  org.codehaus.groovy.runtime.DefaultGroovyMethods.each(Ljava/util/Iterator;Lgroovy/lang/Closure;)Ljava/util/Iterator;+18
j  org.codehaus.groovy.runtime.DefaultGroovyMethods.each(Ljava/lang/Iterable;Lgroovy/lang/Closure;)Ljava/lang/Iterable;+7
j  org.codehaus.groovy.runtime.dgm$149.invoke(Ljava/lang/Object;[Ljava/lang/Object;)Ljava/lang/Object;+10
J 15158 C2 org.codehaus.groovy.runtime.callsite.PojoMetaMethodSite$PojoMetaMethodSiteNoUnwrapNoCoerce.invoke(Ljava/lang/Object;[Ljava/lang/Object;)Ljava/lang/Object; (16 bytes) @ 0x0000000002c76ea4 [0x0000000002c76e60+0x44]
J 13621 C2 org.codehaus.groovy.runtime.callsite.PojoMetaMethodSite.call(Ljava/lang/Object;[Ljava/lang/Object;)Ljava/lang/Object; (23 bytes) @ 0x00000000050c9598 [0x00000000050c93c0+0x1d8]
J 4290 C1 org.codehaus.groovy.runtime.callsite.AbstractCallSite.call(Ljava/lang/Object;[Ljava/lang/Object;)Ljava/lang/Object; (7 bytes) @ 0x00000000037eb204 [0x00000000037eb080+0x184]
J 13616 C2 org.codehaus.groovy.runtime.callsite.AbstractCallSite.call(Ljava/lang/Object;Ljava/lang/Object;)Ljava/lang/Object; (10 bytes) @ 0x00000000050b7248 [0x00000000050b71a0+0xa8]
j  org.jetbrains.plugins.gradle.tooling.builder.ExternalProjectBuilderImpl.getTasks(Lorg/gradle/api/Project;)Ljava/util/Map;+70
j  org.jetbrains.plugins.gradle.tooling.builder.ExternalProjectBuilderImpl$getTasks$0.callCurrent(Lgroovy/lang/GroovyObject;[Ljava/lang/Object;)Ljava/lang/Object;+19
J 15086 C1 org.codehaus.groovy.runtime.callsite.AbstractCallSite.callCurrent(Lgroovy/lang/GroovyObject;[Ljava/lang/Object;)Ljava/lang/Object; (7 bytes) @ 0x0000000002d734bc [0x0000000002d732a0+0x21c]
J 9129 C1 org.codehaus.groovy.runtime.callsite.AbstractCallSite.callCurrent(Lgroovy/lang/GroovyObject;Ljava/lang/Object;)Ljava/lang/Object; (10 bytes) @ 0x0000000002fae9ec [0x0000000002fae700+0x2ec]
j  org.jetbrains.plugins.gradle.tooling.builder.ExternalProjectBuilderImpl.buildAll(Ljava/lang/String;Lorg/gradle/api/Project;)Ljava/lang/Object;+388
j  org.jetbrains.plugins.gradle.tooling.internal.ExtraModelBuilder.buildAll(Ljava/lang/String;Lorg/gradle/api/Project;)Ljava/lang/Object;+51
j  org.gradle.tooling.internal.provider.runner.DefaultBuildController.getModel(Ljava/lang/Object;Lorg/gradle/tooling/internal/protocol/ModelIdentifier;)Lorg/gradle/tooling/internal/protocol/BuildResult;+243
j  org.gradle.tooling.internal.consumer.connection.BuildControllerAdapter.getModel(Lorg/gradle/tooling/model/Model;Ljava/lang/Class;)Ljava/lang/Object;+34
j  org.gradle.tooling.internal.consumer.connection.BuildControllerAdapter.findModel(Lorg/gradle/tooling/model/Model;Ljava/lang/Class;)Ljava/lang/Object;+3
j  org.jetbrains.plugins.gradle.model.ProjectImportAction.addExtraProject(Lorg/gradle/tooling/BuildController;Lorg/jetbrains/plugins/gradle/model/ProjectImportAction$AllModels;Lorg/gradle/tooling/model/idea/IdeaModule;)V+117
j  org.jetbrains.plugins.gradle.model.ProjectImportAction.execute(Lorg/gradle/tooling/BuildController;)Lorg/jetbrains/plugins/gradle/model/ProjectImportAction$AllModels;+66
j  org.jetbrains.plugins.gradle.model.ProjectImportAction.execute(Lorg/gradle/tooling/BuildController;)Ljava/lang/Object;+2
j  org.gradle.tooling.internal.consumer.connection.InternalBuildActionAdapter.execute(Lorg/gradle/tooling/internal/protocol/InternalBuildController;)Ljava/lang/Object;+23
j  org.gradle.tooling.internal.provider.runner.ClientProvidedBuildActionRunner.run(Lorg/gradle/internal/invocation/BuildAction;Lorg/gradle/internal/invocation/BuildController;)V+113
j  org.gradle.launcher.exec.ChainingBuildActionRunner.run(Lorg/gradle/internal/invocation/BuildAction;Lorg/gradle/internal/invocation/BuildController;)V+34
j  org.gradle.tooling.internal.provider.runner.SubscribableBuildActionRunner.run(Lorg/gradle/internal/invocation/BuildAction;Lorg/gradle/internal/invocation/BuildController;)V+37
j  org.gradle.launcher.exec.ChainingBuildActionRunner.run(Lorg/gradle/internal/invocation/BuildAction;Lorg/gradle/internal/invocation/BuildController;)V+34
j  org.gradle.launcher.exec.InProcessBuildActionExecuter.execute(Lorg/gradle/internal/invocation/BuildAction;Lorg/gradle/initialization/BuildRequestContext;Lorg/gradle/launcher/exec/BuildActionParameters;Lorg/gradle/internal/service/ServiceRegistry;)Ljava/lang/Object;+63
j  org.gradle.launcher.exec.InProcessBuildActionExecuter.execute(Lorg/gradle/internal/invocation/BuildAction;Lorg/gradle/initialization/BuildRequestContext;Ljava/lang/Object;Lorg/gradle/internal/service/ServiceRegistry;)Ljava/lang/Object;+9
j  org.gradle.launcher.exec.ContinuousBuildActionExecuter.execute(Lorg/gradle/internal/invocation/BuildAction;Lorg/gradle/initialization/BuildRequestContext;Lorg/gradle/launcher/exec/BuildActionParameters;Lorg/gradle/internal/service/ServiceRegistry;)Ljava/lang/Object;+58
j  org.gradle.launcher.exec.ContinuousBuildActionExecuter.execute(Lorg/gradle/internal/invocation/BuildAction;Lorg/gradle/initialization/BuildRequestContext;Ljava/lang/Object;Lorg/gradle/internal/service/ServiceRegistry;)Ljava/lang/Object;+9
j  org.gradle.launcher.daemon.server.exec.ExecuteBuild.doBuild(Lorg/gradle/launcher/daemon/server/api/DaemonCommandExecution;Lorg/gradle/launcher/daemon/protocol/Build;)V+74
j  org.gradle.launcher.daemon.server.exec.BuildCommandOnly.execute(Lorg/gradle/launcher/daemon/server/api/DaemonCommandExecution;)V+49
j  org.gradle.launcher.daemon.server.api.DaemonCommandExecution.proceed()Z+28
j  org.gradle.launcher.daemon.server.exec.WatchForDisconnection.execute(Lorg/gradle/launcher/daemon/server/api/DaemonCommandExecution;)V+19
j  org.gradle.launcher.daemon.server.api.DaemonCommandExecution.proceed()Z+28
j  org.gradle.launcher.daemon.server.exec.ResetDeprecationLogger.execute(Lorg/gradle/launcher/daemon/server/api/DaemonCommandExecution;)V+4
j  org.gradle.launcher.daemon.server.api.DaemonCommandExecution.proceed()Z+28
j  org.gradle.launcher.daemon.server.exec.RequestStopIfSingleUsedDaemon.execute(Lorg/gradle/launcher/daemon/server/api/DaemonCommandExecution;)V+31
j  org.gradle.launcher.daemon.server.api.DaemonCommandExecution.proceed()Z+28
j  org.gradle.launcher.daemon.server.exec.ForwardClientInput$2.call()Ljava/lang/Void;+4
j  org.gradle.launcher.daemon.server.exec.ForwardClientInput$2.call()Ljava/lang/Object;+1
j  org.gradle.util.Swapper.swap(Ljava/lang/Object;Ljava/util/concurrent/Callable;)Ljava/lang/Object;+21
j  org.gradle.launcher.daemon.server.exec.ForwardClientInput.execute(Lorg/gradle/launcher/daemon/server/api/DaemonCommandExecution;)V+63
j  org.gradle.launcher.daemon.server.api.DaemonCommandExecution.proceed()Z+28
j  org.gradle.launcher.daemon.server.health.DaemonHealthTracker.execute(Lorg/gradle/launcher/daemon/server/api/DaemonCommandExecution;)V+35
j  org.gradle.launcher.daemon.server.api.DaemonCommandExecution.proceed()Z+28
j  org.gradle.launcher.daemon.server.exec.LogToClient.doBuild(Lorg/gradle/launcher/daemon/server/api/DaemonCommandExecution;Lorg/gradle/launcher/daemon/protocol/Build;)V+106
j  org.gradle.launcher.daemon.server.exec.BuildCommandOnly.execute(Lorg/gradle/launcher/daemon/server/api/DaemonCommandExecution;)V+49
j  org.gradle.launcher.daemon.server.api.DaemonCommandExecution.proceed()Z+28
j  org.gradle.launcher.daemon.server.exec.EstablishBuildEnvironment.doBuild(Lorg/gradle/launcher/daemon/server/api/DaemonCommandExecution;Lorg/gradle/launcher/daemon/protocol/Build;)V+243
j  org.gradle.launcher.daemon.server.exec.BuildCommandOnly.execute(Lorg/gradle/launcher/daemon/server/api/DaemonCommandExecution;)V+49
j  org.gradle.launcher.daemon.server.api.DaemonCommandExecution.proceed()Z+28
j  org.gradle.launcher.daemon.server.health.HintGCAfterBuild.execute(Lorg/gradle/launcher/daemon/server/api/DaemonCommandExecution;)V+1
j  org.gradle.launcher.daemon.server.api.DaemonCommandExecution.proceed()Z+28
j  org.gradle.launcher.daemon.server.exec.StartBuildOrRespondWithBusy$1.run()V+44
j  org.gradle.launcher.daemon.server.DaemonStateCoordinator$1.run()V+4
j  org.gradle.internal.concurrent.ExecutorPolicy$CatchAndRecordFailures.onExecute(Ljava/lang/Runnable;)V+1
j  org.gradle.internal.concurrent.StoppableExecutorImpl$1.run()V+25
j  java.util.concurrent.ThreadPoolExecutor.runWorker(Ljava/util/concurrent/ThreadPoolExecutor$Worker;)V+95
j  java.util.concurrent.ThreadPoolExecutor$Worker.run()V+5
J 15433 C1 java.lang.Thread.run()V (17 bytes) @ 0x0000000005661cc4 [0x0000000005661b80+0x144]
v  ~StubRoutines::call_stub

---------------  P R O C E S S  ---------------

Java Threads: ( => current thread )
  0x0000000018648800 JavaThread "Stdin handler" [_thread_blocked, id=316, stack(0x0000000019470000,0x0000000019570000)]
=>0x0000000018642000 JavaThread "Daemon worker Thread 12" [_thread_in_vm, id=7860, stack(0x0000000019370000,0x0000000019470000)]
  0x0000000018645000 JavaThread "Cancel handler" [_thread_blocked, id=7404, stack(0x0000000019270000,0x0000000019370000)]
  0x0000000018644000 JavaThread "Handler for socket connection from /127.0.0.1:63369 to /127.0.0.1:49247" [_thread_in_native, id=1988, stack(0x0000000019170000,0x0000000019270000)]
  0x0000000018641000 JavaThread "Daemon Thread 12" [_thread_blocked, id=5684, stack(0x0000000019070000,0x0000000019170000)]
  0x0000000017a52000 JavaThread "File lock request listener" [_thread_in_native, id=3064, stack(0x000000001bb10000,0x000000001bc10000)]
  0x0000000017a4f000 JavaThread "Incoming local TCP Connector on port 63369" [_thread_in_native, id=6616, stack(0x0000000017650000,0x0000000017750000)]
  0x000000001687a800 JavaThread "Service Thread" daemon [_thread_blocked, id=4872, stack(0x0000000016c50000,0x0000000016d50000)]
  0x0000000014ef7800 JavaThread "C1 CompilerThread2" daemon [_thread_blocked, id=6244, stack(0x0000000016750000,0x0000000016850000)]
  0x0000000014ef1000 JavaThread "C2 CompilerThread1" daemon [_thread_blocked, id=8880, stack(0x0000000016650000,0x0000000016750000)]
  0x0000000014eef000 JavaThread "C2 CompilerThread0" daemon [_thread_blocked, id=164, stack(0x0000000016550000,0x0000000016650000)]
  0x0000000014eec000 JavaThread "Attach Listener" daemon [_thread_blocked, id=940, stack(0x0000000016450000,0x0000000016550000)]
  0x0000000014eeb000 JavaThread "Signal Dispatcher" daemon [_thread_blocked, id=5796, stack(0x0000000016350000,0x0000000016450000)]
  0x0000000002817000 JavaThread "Finalizer" daemon [_thread_blocked, id=4120, stack(0x0000000016160000,0x0000000016260000)]
  0x000000000280e000 JavaThread "Reference Handler" daemon [_thread_blocked, id=952, stack(0x0000000016060000,0x0000000016160000)]
  0x0000000000e0e000 JavaThread "main" [_thread_blocked, id=6460, stack(0x0000000002620000,0x0000000002720000)]

Other Threads:
  0x0000000014eb7800 VMThread [stack: 0x0000000015f60000,0x0000000016060000] [id=6656]
  0x00000000168a8000 WatcherThread [stack: 0x0000000016d50000,0x0000000016e50000] [id=7336]

VM state:not at safepoint (normal execution)

VM Mutex/Monitor currently owned by a thread: None

Heap:
 PSYoungGen      total 321024K, used 30331K [0x00000000eab00000, 0x0000000100000000, 0x0000000100000000)
  eden space 290816K, 6% used [0x00000000eab00000,0x00000000ebe62f40,0x00000000fc700000)
  from space 30208K, 34% used [0x00000000fe280000,0x00000000fecbc030,0x0000000100000000)
  to   space 28160K, 0% used [0x00000000fc700000,0x00000000fc700000,0x00000000fe280000)
 ParOldGen       total 172032K, used 52123K [0x00000000c0000000, 0x00000000ca800000, 0x00000000eab00000)
  object space 172032K, 30% used [0x00000000c0000000,0x00000000c32e6f38,0x00000000ca800000)
 Metaspace       used 69073K, capacity 73296K, committed 76584K, reserved 1116160K
  class space    used 8646K, capacity 10065K, committed 10792K, reserved 1048576K

Card table byte_map: [0x0000000011be0000,0x0000000011df0000] byte_map_base: 0x00000000115e0000

Marking Bits: (ParMarkBitMap*) 0x0000000065daa5b0
 Begin Bits: [0x0000000012350000, 0x0000000013350000)
 End Bits:   [0x0000000013350000, 0x0000000014350000)

Polling page: 0x00000000025c0000

CodeCache: size=245760Kb used=52888Kb max_used=52888Kb free=192871Kb
 bounds [0x0000000002820000, 0x0000000005c30000, 0x0000000011820000]
 total_blobs=13991 nmethods=13216 adapters=684
 compilation: enabled

Compilation events (10 events):
Event: 9986.800 Thread 0x0000000014ef7800 17315   !   3       java_util_Set$hashCode$3::call (34 bytes)
Event: 9986.800 Thread 0x0000000014eef000 17316       4       org.codehaus.groovy.runtime.typehandling.DefaultTypeTransformation::castToNumber (121 bytes)
Event: 9986.801 Thread 0x0000000014ef7800 nmethod 17315 0x0000000004ef9a10 code [0x0000000004ef9be0, 0x0000000004efa158]
Event: 9986.801 Thread 0x0000000014eef000 nmethod 17316 0x0000000005427b50 code [0x0000000005427c80, 0x0000000005427d18]
Event: 9986.802 Thread 0x0000000014ef1000 17317       4       sun.misc.ProxyGenerator$ConstantPool::getClass (21 bytes)
Event: 9986.803 Thread 0x0000000014ef7800 17318       3       sun.misc.ProxyGenerator::addProxyMethod (234 bytes)
Event: 9986.803 Thread 0x0000000014ef1000 nmethod 17317 0x0000000004c488d0 code [0x0000000004c48a20, 0x0000000004c48b38]
Event: 9986.805 Thread 0x0000000014ef7800 nmethod 17318 0x0000000004e556d0 code [0x0000000004e55a00, 0x0000000004e57768]
Event: 9986.834 Thread 0x0000000014ef7800 17319       3       java.util.LinkedList$ListItr::previous (70 bytes)
Event: 9986.834 Thread 0x0000000014ef7800 nmethod 17319 0x0000000005226810 code [0x00000000052269c0, 0x0000000005226f58]

GC Heap History (10 events):
Event: 9104.953 GC heap before
{Heap before GC invocations=44 (full 13):
 PSYoungGen      total 320512K, used 1511K [0x00000000eab00000, 0x0000000100000000, 0x0000000100000000)
  eden space 291840K, 0% used [0x00000000eab00000,0x00000000eab00000,0x00000000fc800000)
  from space 28672K, 5% used [0x00000000fc800000,0x00000000fc979e30,0x00000000fe400000)
  to   space 28160K, 0% used [0x00000000fe480000,0x00000000fe480000,0x0000000100000000)
 ParOldGen       total 172032K, used 52542K [0x00000000c0000000, 0x00000000ca800000, 0x00000000eab00000)
  object space 172032K, 30% used [0x00000000c0000000,0x00000000c334fbe8,0x00000000ca800000)
 Metaspace       used 67914K, capacity 71218K, committed 75432K, reserved 1114112K
  class space    used 8437K, capacity 9526K, committed 10664K, reserved 1048576K
Event: 9105.172 GC heap after
Heap after GC invocations=44 (full 13):
 PSYoungGen      total 320512K, used 0K [0x00000000eab00000, 0x0000000100000000, 0x0000000100000000)
  eden space 291840K, 0% used [0x00000000eab00000,0x00000000eab00000,0x00000000fc800000)
  from space 28672K, 0% used [0x00000000fc800000,0x00000000fc800000,0x00000000fe400000)
  to   space 28160K, 0% used [0x00000000fe480000,0x00000000fe480000,0x0000000100000000)
 ParOldGen       total 172032K, used 37421K [0x00000000c0000000, 0x00000000ca800000, 0x00000000eab00000)
  object space 172032K, 21% used [0x00000000c0000000,0x00000000c248b428,0x00000000ca800000)
 Metaspace       used 66845K, capacity 68990K, committed 75432K, reserved 1114112K
  class space    used 8073K, capacity 8775K, committed 10664K, reserved 1048576K
}
Event: 9227.383 GC heap before
{Heap before GC invocations=45 (full 13):
 PSYoungGen      total 320512K, used 291840K [0x00000000eab00000, 0x0000000100000000, 0x0000000100000000)
  eden space 291840K, 100% used [0x00000000eab00000,0x00000000fc800000,0x00000000fc800000)
  from space 28672K, 0% used [0x00000000fc800000,0x00000000fc800000,0x00000000fe400000)
  to   space 28160K, 0% used [0x00000000fe480000,0x00000000fe480000,0x0000000100000000)
 ParOldGen       total 172032K, used 37421K [0x00000000c0000000, 0x00000000ca800000, 0x00000000eab00000)
  object space 172032K, 21% used [0x00000000c0000000,0x00000000c248b428,0x00000000ca800000)
 Metaspace       used 67758K, capacity 70644K, committed 75432K, reserved 1114112K
  class space    used 8372K, capacity 9364K, committed 10664K, reserved 1048576K
Event: 9227.403 GC heap after
Heap after GC invocations=45 (full 13):
 PSYoungGen      total 317952K, used 19094K [0x00000000eab00000, 0x0000000100000000, 0x0000000100000000)
  eden space 289792K, 0% used [0x00000000eab00000,0x00000000eab00000,0x00000000fc600000)
  from space 28160K, 67% used [0x00000000fe480000,0x00000000ff725ab0,0x0000000100000000)
  to   space 29696K, 0% used [0x00000000fc600000,0x00000000fc600000,0x00000000fe300000)
 ParOldGen       total 172032K, used 37421K [0x00000000c0000000, 0x00000000ca800000, 0x00000000eab00000)
  object space 172032K, 21% used [0x00000000c0000000,0x00000000c248b428,0x00000000ca800000)
 Metaspace       used 67758K, capacity 70644K, committed 75432K, reserved 1114112K
  class space    used 8372K, capacity 9364K, committed 10664K, reserved 1048576K
}
Event: 9231.152 GC heap before
{Heap before GC invocations=46 (full 13):
 PSYoungGen      total 317952K, used 91825K [0x00000000eab00000, 0x0000000100000000, 0x0000000100000000)
  eden space 289792K, 25% used [0x00000000eab00000,0x00000000ef206c40,0x00000000fc600000)
  from space 28160K, 67% used [0x00000000fe480000,0x00000000ff725ab0,0x0000000100000000)
  to   space 29696K, 0% used [0x00000000fc600000,0x00000000fc600000,0x00000000fe300000)
 ParOldGen       total 172032K, used 37421K [0x00000000c0000000, 0x00000000ca800000, 0x00000000eab00000)
  object space 172032K, 21% used [0x00000000c0000000,0x00000000c248b428,0x00000000ca800000)
 Metaspace       used 67894K, capacity 70972K, committed 75432K, reserved 1114112K
  class space    used 8408K, capacity 9465K, committed 10664K, reserved 1048576K
Event: 9231.166 GC heap after
Heap after GC invocations=46 (full 13):
 PSYoungGen      total 306176K, used 16087K [0x00000000eab00000, 0x0000000100000000, 0x0000000100000000)
  eden space 289792K, 0% used [0x00000000eab00000,0x00000000eab00000,0x00000000fc600000)
  from space 16384K, 98% used [0x00000000fc600000,0x00000000fd5b5e40,0x00000000fd600000)
  to   space 30208K, 0% used [0x00000000fe280000,0x00000000fe280000,0x0000000100000000)
 ParOldGen       total 172032K, used 37429K [0x00000000c0000000, 0x00000000ca800000, 0x00000000eab00000)
  object space 172032K, 21% used [0x00000000c0000000,0x00000000c248d428,0x00000000ca800000)
 Metaspace       used 67894K, capacity 70972K, committed 75432K, reserved 1114112K
  class space    used 8408K, capacity 9465K, committed 10664K, reserved 1048576K
}
Event: 9231.167 GC heap before
{Heap before GC invocations=47 (full 14):
 PSYoungGen      total 306176K, used 16087K [0x00000000eab00000, 0x0000000100000000, 0x0000000100000000)
  eden space 289792K, 0% used [0x00000000eab00000,0x00000000eab00000,0x00000000fc600000)
  from space 16384K, 98% used [0x00000000fc600000,0x00000000fd5b5e40,0x00000000fd600000)
  to   space 30208K, 0% used [0x00000000fe280000,0x00000000fe280000,0x0000000100000000)
 ParOldGen       total 172032K, used 37429K [0x00000000c0000000, 0x00000000ca800000, 0x00000000eab00000)
  object space 172032K, 21% used [0x00000000c0000000,0x00000000c248d428,0x00000000ca800000)
 Metaspace       used 67894K, capacity 70972K, committed 75432K, reserved 1114112K
  class space    used 8408K, capacity 9465K, committed 10664K, reserved 1048576K
Event: 9231.316 GC heap after
Heap after GC invocations=47 (full 14):
 PSYoungGen      total 306176K, used 0K [0x00000000eab00000, 0x0000000100000000, 0x0000000100000000)
  eden space 289792K, 0% used [0x00000000eab00000,0x00000000eab00000,0x00000000fc600000)
  from space 16384K, 0% used [0x00000000fc600000,0x00000000fc600000,0x00000000fd600000)
  to   space 30208K, 0% used [0x00000000fe280000,0x00000000fe280000,0x0000000100000000)
 ParOldGen       total 172032K, used 52115K [0x00000000c0000000, 0x00000000ca800000, 0x00000000eab00000)
  object space 172032K, 30% used [0x00000000c0000000,0x00000000c32e4f38,0x00000000ca800000)
 Metaspace       used 67861K, capacity 70858K, committed 75432K, reserved 1114112K
  class space    used 8400K, capacity 9431K, committed 10664K, reserved 1048576K
}
Event: 9986.535 GC heap before
{Heap before GC invocations=48 (full 14):
 PSYoungGen      total 306176K, used 289792K [0x00000000eab00000, 0x0000000100000000, 0x0000000100000000)
  eden space 289792K, 100% used [0x00000000eab00000,0x00000000fc600000,0x00000000fc600000)
  from space 16384K, 0% used [0x00000000fc600000,0x00000000fc600000,0x00000000fd600000)
  to   space 30208K, 0% used [0x00000000fe280000,0x00000000fe280000,0x0000000100000000)
 ParOldGen       total 172032K, used 52115K [0x00000000c0000000, 0x00000000ca800000, 0x00000000eab00000)
  object space 172032K, 30% used [0x00000000c0000000,0x00000000c32e4f38,0x00000000ca800000)
 Metaspace       used 68839K, capacity 72936K, committed 76200K, reserved 1114112K
  class space    used 8592K, capacity 9935K, committed 10664K, reserved 1048576K
Event: 9986.558 GC heap after
Heap after GC invocations=48 (full 14):
 PSYoungGen      total 321024K, used 10480K [0x00000000eab00000, 0x0000000100000000, 0x0000000100000000)
  eden space 290816K, 0% used [0x00000000eab00000,0x00000000eab00000,0x00000000fc700000)
  from space 30208K, 34% used [0x00000000fe280000,0x00000000fecbc030,0x0000000100000000)
  to   space 28160K, 0% used [0x00000000fc700000,0x00000000fc700000,0x00000000fe280000)
 ParOldGen       total 172032K, used 52123K [0x00000000c0000000, 0x00000000ca800000, 0x00000000eab00000)
  object space 172032K, 30% used [0x00000000c0000000,0x00000000c32e6f38,0x00000000ca800000)
 Metaspace       used 68839K, capacity 72936K, committed 76200K, reserved 1114112K
  class space    used 8592K, capacity 9935K, committed 10664K, reserved 1048576K
}

Deoptimization events (10 events):
Event: 9100.133 Thread 0x0000000018642000 Uncommon trap: reason=predicate action=maybe_recompile pc=0x0000000004bf05a4 method=java.util.ComparableTimSort.reverseRange([Ljava/lang/Object;II)V @ 8
Event: 9225.991 Thread 0x0000000018642000 Uncommon trap: reason=array_check action=maybe_recompile pc=0x000000000388eeac method=java.util.ComparableTimSort.reverseRange([Ljava/lang/Object;II)V @ 20
Event: 9225.992 Thread 0x0000000018642000 Uncommon trap: reason=array_check action=maybe_recompile pc=0x000000000388eeac method=java.util.ComparableTimSort.reverseRange([Ljava/lang/Object;II)V @ 20
Event: 9225.994 Thread 0x0000000018642000 Uncommon trap: reason=array_check action=maybe_recompile pc=0x000000000388eeac method=java.util.ComparableTimSort.reverseRange([Ljava/lang/Object;II)V @ 20
Event: 9225.994 Thread 0x0000000018642000 Uncommon trap: reason=array_check action=maybe_recompile pc=0x000000000388eeac method=java.util.ComparableTimSort.reverseRange([Ljava/lang/Object;II)V @ 20
Event: 9226.075 Thread 0x0000000018642000 Uncommon trap: reason=array_check action=maybe_recompile pc=0x0000000003a26d94 method=java.util.ComparableTimSort.reverseRange([Ljava/lang/Object;II)V @ 27
Event: 9226.079 Thread 0x0000000018642000 Uncommon trap: reason=array_check action=maybe_recompile pc=0x0000000003a26d94 method=java.util.ComparableTimSort.reverseRange([Ljava/lang/Object;II)V @ 27
Event: 9228.019 Thread 0x0000000018642000 Uncommon trap: reason=unstable_if action=reinterpret pc=0x0000000005aac868 method=com.sun.tools.javac.comp.Lower.boxIfNeeded(Lcom/sun/tools/javac/tree/JCTree;Lcom/sun/tools/javac/code/Type;)Lcom/sun/tools/javac/tree/JCTree; @ 13
Event: 9984.576 Thread 0x0000000018642000 Uncommon trap: reason=unstable_if action=reinterpret pc=0x0000000003849730 method=com.google.common.cache.LocalCache$Segment.get(Ljava/lang/Object;I)Ljava/lang/Object; @ 58
Event: 9985.501 Thread 0x0000000018642000 Uncommon trap: reason=null_check action=make_not_entrant pc=0x0000000005a7e520 method=org.gradle.api.internal.collections.CollectionFilter.filter(Ljava/lang/Object;)Ljava/lang/Object; @ 5

Internal exceptions (10 events):
Event: 9986.395 Thread 0x0000000018642000 Exception <a 'java/lang/ClassNotFoundException': org/jetbrains/plugins/gradle/tooling/builder/TasksFactoryBeanInfo> (0x00000000faf98e58) thrown at [C:\re\workspace\8-2-build-windows-amd64-cygwin\jdk8u60\4407\hotspot\src\share\vm\classfile\systemDictionary.
Event: 9986.395 Thread 0x0000000018642000 Exception <a 'java/lang/ClassNotFoundException': org/jetbrains/plugins/gradle/tooling/builder/TasksFactoryCustomizer> (0x00000000fafa45f8) thrown at [C:\re\workspace\8-2-build-windows-amd64-cygwin\jdk8u60\4407\hotspot\src\share\vm\classfile\systemDictionarËîû≥2Å√@
Event: 9986.396 Thread 0x0000000018642000 Exception <a 'java/lang/ClassNotFoundException': org/jetbrains/plugins/gradle/tooling/builder/ExternalProjectBuilderImplBeanInfo> (0x00000000fafccd28) thrown at [C:\re\workspace\8-2-build-windows-amd64-cygwin\jdk8u60\4407\hotspot\src\share\vm\classfile\sys
Event: 9986.396 Thread 0x0000000018642000 Exception <a 'java/lang/ClassNotFoundException': org/jetbrains/plugins/gradle/tooling/builder/ExternalProjectBuilderImplCustomizer> (0x00000000fafd97f0) thrown at [C:\re\workspace\8-2-build-windows-amd64-cygwin\jdk8u60\4407\hotspot\src\share\vm\classfile\sYÃË+7Å√@
Event: 9986.431 Thread 0x0000000018642000 Exception <a 'java/lang/ClassNotFoundException': com/intellij/openapi/externalSystem/model/ExternalProjectBeanInfo> (0x00000000fb01f160) thrown at [C:\re\workspace\8-2-build-windows-amd64-cygwin\jdk8u60\4407\hotspot\src\share\vm\classfile\systemDictionary.Ø¶57Å√@
Event: 9986.431 Thread 0x0000000018642000 Exception <a 'java/lang/ClassNotFoundException': com/intellij/openapi/externalSystem/model/ExternalProjectCustomizer> (0x00000000fb02a8c8) thrown at [C:\re\workspace\8-2-build-windows-amd64-cygwin\jdk8u60\4407\hotspot\src\share\vm\classfile\systemDictionarUkhÅ√@
Event: 9986.816 Thread 0x0000000018642000 Exception <a 'java/lang/ClassNotFoundException': com/intellij/openapi/externalSystem/model/DefaultExternalProjectBeanInfo> (0x00000000eb844118) thrown at [C:\re\workspace\8-2-build-windows-amd64-cygwin\jdk8u60\4407\hotspot\src\share\vm\classfile\systemDicttﬂrhÅ√@
Event: 9986.816 Thread 0x0000000018642000 Exception <a 'java/lang/ClassNotFoundException': com/intellij/openapi/externalSystem/model/DefaultExternalProjectCustomizer> (0x00000000eb84ff98) thrown at [C:\re\workspace\8-2-build-windows-amd64-cygwin\jdk8u60\4407\hotspot\src\share\vm\classfile\systemDiÍŒUljÅ√@
Event: 9986.831 Thread 0x0000000018642000 Exception <a 'java/lang/ClassNotFoundException': com/intellij/openapi/externalSystem/model/DefaultExternalTaskBeanInfo> (0x00000000eb996828) thrown at [C:\re\workspace\8-2-build-windows-amd64-cygwin\jdk8u60\4407\hotspot\src\share\vm\classfile\systemDiction„d{sjÅ√@
Event: 9986.832 Thread 0x0000000018642000 Exception <a 'java/lang/ClassNotFoundException': com/intellij/openapi/externalSystem/model/DefaultExternalTaskCustomizer> (0x00000000eb9a2630) thrown at [C:\re\workspace\8-2-build-windows-amd64-cygwin\jdk8u60\4407\hotspot\src\share\vm\classfile\systemDicti◊r1Ö2Å√@

Events (10 events):
Event: 9986.832 loading class com/intellij/openapi/externalSystem/model/DefaultExternalTaskCustomizer
Event: 9986.832 loading class com/intellij/openapi/externalSystem/model/DefaultExternalTaskCustomizer done
Event: 9986.832 loading class com/intellij/openapi/externalSystem/model/DefaultExternalTaskCustomizer
Event: 9986.832 loading class com/intellij/openapi/externalSystem/model/DefaultExternalTaskCustomizer done
Event: 9986.832 loading class groovy/runtime/metaclass/org/gradle/api/reporting/components/ComponentReport_DecoratedMetaClass
Event: 9986.832 loading class groovy/runtime/metaclass/org/gradle/api/reporting/components/ComponentReport_DecoratedMetaClass done
Event: 9986.833 loading class groovy/runtime/metaclass/org/gradle/api/tasks/diagnostics/DependencyReportTask_DecoratedMetaClass
Event: 9986.833 loading class groovy/runtime/metaclass/org/gradle/api/tasks/diagnostics/DependencyReportTask_DecoratedMetaClass done
Event: 9986.835 loading class groovy/runtime/metaclass/org/gradle/configuration/Help_DecoratedMetaClass
Event: 9986.835 loading class groovy/runtime/metaclass/org/gradle/configuration/Help_DecoratedMetaClass done


Dynamic libraries:
0x00007ff66ae70000 - 0x00007ff66aea7000 	C:\Program Files\Java\jdk1.8.0_60\bin\java.exe
0x00007ff81eae0000 - 0x00007ff81ec89000 	C:\Windows\SYSTEM32\ntdll.dll
0x00007ff81c970000 - 0x00007ff81caa9000 	C:\Windows\system32\KERNEL32.DLL
0x00007ff81c030000 - 0x00007ff81c13e000 	C:\Windows\system32\KERNELBASE.dll
0x00007ff81aa90000 - 0x00007ff81ab1b000 	C:\Windows\system32\apphelp.dll
0x00007ff8101a0000 - 0x00007ff8101ec000 	C:\Windows\AppPatch\AppPatch64\AcGenral.DLL
0x00007ff81cf70000 - 0x00007ff81d017000 	C:\Windows\system32\msvcrt.dll
0x00007ff81bca0000 - 0x00007ff81bccb000 	C:\Windows\SYSTEM32\SspiCli.dll
0x00007ff81c910000 - 0x00007ff81c961000 	C:\Windows\system32\SHLWAPI.dll
0x00007ff81cdf0000 - 0x00007ff81cf61000 	C:\Windows\system32\USER32.dll
0x00007ff81c6d0000 - 0x00007ff81c846000 	C:\Windows\system32\ole32.dll
0x00007ff81d0c0000 - 0x00007ff81e4cf000 	C:\Windows\system32\SHELL32.dll
0x00007ff81b4d0000 - 0x00007ff81b4ef000 	C:\Windows\SYSTEM32\USERENV.dll
0x00007ff81cbf0000 - 0x00007ff81cc95000 	C:\Windows\system32\ADVAPI32.dll
0x00007ff8137f0000 - 0x00007ff81380b000 	C:\Windows\SYSTEM32\MPR.dll
0x00007ff81cab0000 - 0x00007ff81cbe6000 	C:\Windows\system32\RPCRT4.dll
0x00007ff81ea60000 - 0x00007ff81eab7000 	C:\Windows\SYSTEM32\sechost.dll
0x00007ff81e6b0000 - 0x00007ff81e887000 	C:\Windows\SYSTEM32\combase.dll
0x00007ff81cca0000 - 0x00007ff81cde5000 	C:\Windows\system32\GDI32.dll
0x00007ff81be60000 - 0x00007ff81be74000 	C:\Windows\SYSTEM32\profapi.dll
0x00007ff81a720000 - 0x00007ff81a7c1000 	C:\Windows\SYSTEM32\SHCORE.dll
0x00007ff81d080000 - 0x00007ff81d0b4000 	C:\Windows\system32\IMM32.DLL
0x00007ff81c530000 - 0x00007ff81c668000 	C:\Windows\system32\MSCTF.dll
0x00007ff81a050000 - 0x00007ff81a2aa000 	C:\Windows\WinSxS\amd64_microsoft.windows.common-controls_6595b64144ccf1df_6.0.9600.16384_none_62475f7becb72503\COMCTL32.dll
0x0000000065120000 - 0x00000000651f2000 	C:\Program Files\Java\jdk1.8.0_60\jre\bin\msvcr100.dll
0x00000000655a0000 - 0x0000000065e29000 	C:\Program Files\Java\jdk1.8.0_60\jre\bin\server\jvm.dll
0x00007ff81ac70000 - 0x00007ff81ac79000 	C:\Windows\SYSTEM32\WSOCK32.dll
0x00007ff819a60000 - 0x00007ff819a7f000 	C:\Windows\SYSTEM32\WINMM.dll
0x00007ff819a80000 - 0x00007ff819a8a000 	C:\Windows\SYSTEM32\VERSION.dll
0x00007ff81c370000 - 0x00007ff81c377000 	C:\Windows\system32\PSAPI.DLL
0x00007ff81d020000 - 0x00007ff81d078000 	C:\Windows\system32\WS2_32.dll
0x00007ff8199c0000 - 0x00007ff8199ea000 	C:\Windows\SYSTEM32\WINMMBASE.dll
0x00007ff81ea50000 - 0x00007ff81ea59000 	C:\Windows\system32\NSI.dll
0x00007ff81bf30000 - 0x00007ff81bf7a000 	C:\Windows\SYSTEM32\cfgmgr32.dll
0x00007ff81ace0000 - 0x00007ff81ad06000 	C:\Windows\SYSTEM32\DEVOBJ.dll
0x0000000065590000 - 0x000000006559f000 	C:\Program Files\Java\jdk1.8.0_60\jre\bin\verify.dll
0x0000000065560000 - 0x0000000065589000 	C:\Program Files\Java\jdk1.8.0_60\jre\bin\java.dll
0x0000000065540000 - 0x0000000065556000 	C:\Program Files\Java\jdk1.8.0_60\jre\bin\zip.dll
0x0000000065520000 - 0x000000006553a000 	C:\Program Files\Java\jdk1.8.0_60\jre\bin\net.dll
0x00007ff81b720000 - 0x00007ff81b778000 	C:\Windows\system32\mswsock.dll
0x0000000065500000 - 0x0000000065511000 	C:\Program Files\Java\jdk1.8.0_60\jre\bin\nio.dll
0x00007ff81aa50000 - 0x00007ff81aa62000 	C:\Users\Dell\.gradle\native\19\windows-amd64\native-platform.dll
0x00007ff8160c0000 - 0x00007ff8160e9000 	C:\Windows\SYSTEM32\IPHLPAPI.DLL
0x00007ff816090000 - 0x00007ff81609a000 	C:\Windows\SYSTEM32\WINNSI.DLL
0x00007ff815b70000 - 0x00007ff815b84000 	C:\Windows\SYSTEM32\dhcpcsvc6.DLL
0x00007ff815bc0000 - 0x00007ff815bd9000 	C:\Windows\SYSTEM32\dhcpcsvc.DLL
0x00007ff81b780000 - 0x00007ff81b79e000 	C:\Windows\SYSTEM32\CRYPTSP.dll
0x00007ff81b3c0000 - 0x00007ff81b3f5000 	C:\Windows\system32\rsaenh.dll
0x00007ff81b9b0000 - 0x00007ff81b9d6000 	C:\Windows\SYSTEM32\bcrypt.dll
0x00007ff81bcd0000 - 0x00007ff81bd2e000 	C:\Windows\system32\bcryptprimitives.dll
0x00007ff81bd30000 - 0x00007ff81bd3a000 	C:\Windows\SYSTEM32\CRYPTBASE.dll
0x0000000065300000 - 0x000000006530d000 	C:\Program Files\Java\jdk1.8.0_60\jre\bin\management.dll
0x0000000065230000 - 0x0000000065254000 	C:\Program Files\Java\jdk1.8.0_60\jre\bin\sunec.dll
0x00007ff81b530000 - 0x00007ff81b5d3000 	C:\Windows\SYSTEM32\DNSAPI.dll
0x00007ff819240000 - 0x00007ff819249000 	C:\Windows\System32\rasadhlp.dll
0x00007ff815c80000 - 0x00007ff815ce7000 	C:\Windows\System32\fwpuclnt.dll
0x00007ff819280000 - 0x00007ff819294000 	C:\Windows\system32\napinsp.dll
0x00007ff819260000 - 0x00007ff819279000 	C:\Windows\system32\pnrpnsp.dll
0x00007ff8166e0000 - 0x00007ff8166f9000 	C:\Windows\system32\NLAapi.dll
0x00007ff819250000 - 0x00007ff81925c000 	C:\Windows\System32\winrnr.dll
0x00007ff813ba0000 - 0x00007ff813bb3000 	C:\Windows\system32\wshbth.dll
0x00007ff804ca0000 - 0x00007ff804e28000 	C:\Windows\SYSTEM32\dbghelp.dll

VM Arguments:
jvm_args: -XX:MaxPermSize=256m -XX:+HeapDumpOnOutOfMemoryError -Xmx1024m -Dfile.encoding=windows-1252 -Duser.country=US -Duser.language=en -Duser.variant 
java_command: org.gradle.launcher.daemon.bootstrap.GradleDaemon 2.7
java_class_path (initial): C:\Users\Dell\.gradle\wrapper\dists\gradle-2.7-all\4ryh47z6pv2tj9n03uiw8pzc6\gradle-2.7\lib\gradle-launcher-2.7.jar
Launcher Type: SUN_STANDARD

Environment Variables:
PATH=C:\ProgramData\Oracle\Java\javapath;C:\Program Files (x86)\Common Files\ArcSoft\Bin;C:\Program Files\Dell\DW WLAN Card;;C:\Program Files (x86)\Intel\iCLS Client\;C:\Program Files\Intel\iCLS Client\;C:\Windows\system32;C:\Windows;C:\Windows\System32\Wbem;C:\Windows\System32\WindowsPowerShell\v1.0\;C:\Program Files\Intel\Intel(R) Management Engine Components\DAL;C:\Program Files (x86)\Intel\Intel(R) Management Engine Components\DAL;C:\Program Files\Intel\Intel(R) Management Engine Components\IPT;C:\Program Files (x86)\Intel\Intel(R) Management Engine Components\IPT;C:\Program Files\WIDCOMM\Bluetooth Software\;C:\Program Files\WIDCOMM\Bluetooth Software\syswow64;C:\Program Files (x86)\Skype\Phone\
USERNAME=Dell
OS=Windows_NT
PROCESSOR_IDENTIFIER=Intel64 Family 6 Model 61 Stepping 4, GenuineIntel



---------------  S Y S T E M  ---------------

OS: Windows 8.1 , 64 bit Build 9600 (6.3.9600.16408)

CPU:total 4 (2 cores per cpu, 2 threads per core) family 6 model 61 stepping 4, cmov, cx8, fxsr, mmx, sse, sse2, sse3, ssse3, sse4.1, sse4.2, popcnt, avx, avx2, aes, clmul, erms, 3dnowpref, lzcnt, ht, tsc, tscinvbit, bmi1, bmi2, adx

Memory: 4k page, physical 8297972k(3191364k free), swap 11692484k(4601832k free)

vm_info: Java HotSpot(TM) 64-Bit Server VM (25.60-b23) for windows-amd64 JRE (1.8.0_60-b27), built on Aug  4 2015 11:06:27 by "java_re" with MS VC++ 10.0 (VS2010)

time: Thu Oct 08 13:17:02 2015
elapsed time: 9987 seconds (0d 2h 46m 27s)

